<?xml version="1.0" encoding="UTF-8"?>
<testsuite xmlns:xsi="http://www.w3.org/2001/XMLSchema-instance" xsi:noNamespaceSchemaLocation="https://maven.apache.org/surefire/maven-surefire-plugin/xsd/surefire-test-report-3.0.xsd" version="3.0" name="task3.ArthurTest" time="0.016" tests="5" errors="0" skipped="0" failures="0">
  <properties>
[...]
</properties>
  <testcase name="testSay" classname="task3.ArthurTest" time="0.007">
    <system-out><![CDATA[I am Arthur, Arthur, and I am confused
]]></system-out>
  </testcase>
  <testcase name="testConstructorAndGetters" classname="task3.ArthurTest" time="0.001"/>
  <testcase name="testConditionSureWhenCerealsInRoom" classname="task3.ArthurTest" time="0.001"/>
  <testcase name="testSetName" classname="task3.ArthurTest" time="0.001"/>
  <testcase name="testSetCondition" classname="task3.ArthurTest" time="0.001"/>
</testsuite>